d:\zxccodding\organizer\organizer\organizer\x64\debug\vc143.pdb
d:\zxccodding\organizer\organizer\organizer\x64\debug\vc143.idb
d:\zxccodding\organizer\organizer\organizer\x64\debug\event.obj
d:\zxccodding\organizer\organizer\organizer\x64\debug\datastorage.obj
d:\zxccodding\organizer\organizer\organizer\x64\debug\alarm.obj
d:\zxccodding\organizer\organizer\organizer\x64\debug\main.obj
d:\zxccodding\organizer\organizer\organizer\x64\debug\utils.obj
d:\zxccodding\organizer\organizer\organizer\x64\debug\eventmanager.obj
d:\zxccodding\organizer\organizer\organizer\x64\debug\uihelpers.obj
d:\zxccodding\organizer\organizer\organizer\x64\debug\dialoghandler.obj
d:\zxccodding\organizer\organizer\organizer\x64\debug\appstyles.obj
d:\zxccodding\organizer\organizer\organizer\x64\debug\contactbook.obj
d:\zxccodding\organizer\organizer\organizer\x64\debug\contactinputdialog.obj
d:\zxccodding\organizer\organizer\organizer\x64\debug\contactbookdialog.obj
d:\zxccodding\organizer\organizer\organizer\x64\debug\defaultdatasets.obj
d:\zxccodding\organizer\organizer\organizer\x64\debug\menuhelpers.obj
d:\zxccodding\organizer\organizer\x64\debug\organizer.exe
d:\zxccodding\organizer\organizer\x64\debug\organizer.pdb
d:\zxccodding\organizer\organizer\organizer\x64\debug\organizer.res
d:\zxccodding\organizer\organizer\organizer\x64\debug\organizer.ilk
d:\zxccodding\organizer\organizer\organizer\x64\debug\appthemes.obj
d:\zxccodding\organizer\organizer\organizer\x64\debug\dialogwindow.obj
d:\zxccodding\organizer\organizer\organizer\x64\debug\mainwindow.obj
d:\zxccodding\organizer\organizer\organizer\x64\debug\organizer.tlog\cl.command.1.tlog
d:\zxccodding\organizer\organizer\organizer\x64\debug\organizer.tlog\cl.items.tlog
d:\zxccodding\organizer\organizer\organizer\x64\debug\organizer.tlog\cl.read.1.tlog
d:\zxccodding\organizer\organizer\organizer\x64\debug\organizer.tlog\cl.write.1.tlog
d:\zxccodding\organizer\organizer\organizer\x64\debug\organizer.tlog\link.command.1.tlog
d:\zxccodding\organizer\organizer\organizer\x64\debug\organizer.tlog\link.read.1.tlog
d:\zxccodding\organizer\organizer\organizer\x64\debug\organizer.tlog\link.secondary.1.tlog
d:\zxccodding\organizer\organizer\organizer\x64\debug\organizer.tlog\link.write.1.tlog
d:\zxccodding\organizer\organizer\organizer\x64\debug\organizer.tlog\rc.command.1.tlog
d:\zxccodding\organizer\organizer\organizer\x64\debug\organizer.tlog\rc.read.1.tlog
d:\zxccodding\organizer\organizer\organizer\x64\debug\organizer.tlog\rc.write.1.tlog
